<?xml version="1.0" encoding="UTF-8"?>
<testsuite xmlns:xsi="http://www.w3.org/2001/XMLSchema-instance" xsi:noNamespaceSchemaLocation="https://maven.apache.org/surefire/maven-surefire-plugin/xsd/surefire-test-report-3.0.xsd" version="3.0" name="com.flipkart.app.AppTest" time="0.014" tests="1" errors="0" skipped="0" failures="0">
  <properties>
    <property name="java.specification.version" value="20"/>
    <property name="sun.jnu.encoding" value="UTF-8"/>
    <property name="java.class.path" value="/Users/atul.rathore/Desktop/Flipfit/target/test-classes:/Users/atul.rathore/Desktop/Flipfit/target/classes:/Users/atul.rathore/.m2/repository/junit/junit/3.8.1/junit-3.8.1.jar:/Users/atul.rathore/.m2/repository/io/dropwizard/dropwizard-core/4.0.1/dropwizard-core-4.0.1.jar:/Users/atul.rathore/.m2/repository/io/dropwizard/dropwizard-util/4.0.1/dropwizard-util-4.0.1.jar:/Users/atul.rathore/.m2/repository/io/dropwizard/dropwizard-jackson/4.0.1/dropwizard-jackson-4.0.1.jar:/Users/atul.rathore/.m2/repository/com/google/guava/guava/32.0.1-jre/guava-32.0.1-jre.jar:/Users/atul.rathore/.m2/repository/com/google/guava/failureaccess/1.0.1/failureaccess-1.0.1.jar:/Users/atul.rathore/.m2/repository/com/google/guava/listenablefuture/9999.0-empty-to-avoid-conflict-with-guava/listenablefuture-9999.0-empty-to-avoid-conflict-with-guava.jar:/Users/atul.rathore/.m2/repository/com/google/j2objc/j2objc-annotations/2.8/j2objc-annotations-2.8.jar:/Users/atul.rathore/.m2/repository/com/github/ben-manes/caffeine/caffeine/3.1.6/caffeine-3.1.6.jar:/Users/atul.rathore/.m2/repository/com/fasterxml/jackson/core/jackson-core/2.15.2/jackson-core-2.15.2.jar:/Users/atul.rathore/.m2/repository/com/fasterxml/jackson/datatype/jackson-datatype-guava/2.15.2/jackson-datatype-guava-2.15.2.jar:/Users/atul.rathore/.m2/repository/com/fasterxml/jackson/datatype/jackson-datatype-jsr310/2.15.2/jackson-datatype-jsr310-2.15.2.jar:/Users/atul.rathore/.m2/repository/com/fasterxml/jackson/datatype/jackson-datatype-jdk8/2.15.2/jackson-datatype-jdk8-2.15.2.jar:/Users/atul.rathore/.m2/repository/com/fasterxml/jackson/module/jackson-module-parameter-names/2.15.2/jackson-module-parameter-names-2.15.2.jar:/Users/atul.rathore/.m2/repository/com/fasterxml/jackson/module/jackson-module-blackbird/2.15.2/jackson-module-blackbird-2.15.2.jar:/Users/atul.rathore/.m2/repository/io/dropwizard/dropwizard-validation/4.0.1/dropwizard-validation-4.0.1.jar:/Users/atul.rathore/.m2/repository/com/fasterxml/classmate/1.5.1/classmate-1.5.1.jar:/Users/atul.rathore/.m2/repository/org/glassfish/jakarta.el/4.0.2/jakarta.el-4.0.2.jar:/Users/atul.rathore/.m2/repository/jakarta/el/jakarta.el-api/4.0.0/jakarta.el-api-4.0.0.jar:/Users/atul.rathore/.m2/repository/io/dropwizard/dropwizard-configuration/4.0.1/dropwizard-configuration-4.0.1.jar:/Users/atul.rathore/.m2/repository/com/fasterxml/jackson/dataformat/jackson-dataformat-yaml/2.15.2/jackson-dataformat-yaml-2.15.2.jar:/Users/atul.rathore/.m2/repository/org/yaml/snakeyaml/2.0/snakeyaml-2.0.jar:/Users/atul.rathore/.m2/repository/org/apache/commons/commons-text/1.10.0/commons-text-1.10.0.jar:/Users/atul.rathore/.m2/repository/org/apache/commons/commons-lang3/3.12.0/commons-lang3-3.12.0.jar:/Users/atul.rathore/.m2/repository/io/dropwizard/dropwizard-logging/4.0.1/dropwizard-logging-4.0.1.jar:/Users/atul.rathore/.m2/repository/io/dropwizard/metrics/metrics-logback/4.2.19/metrics-logback-4.2.19.jar:/Users/atul.rathore/.m2/repository/org/slf4j/jul-to-slf4j/2.0.7/jul-to-slf4j-2.0.7.jar:/Users/atul.rathore/.m2/repository/ch/qos/logback/logback-core/1.4.8/logback-core-1.4.8.jar:/Users/atul.rathore/.m2/repository/com/google/errorprone/error_prone_annotations/2.20.0/error_prone_annotations-2.20.0.jar:/Users/atul.rathore/.m2/repository/io/dropwizard/logback/logback-throttling-appender/1.4.0/logback-throttling-appender-1.4.0.jar:/Users/atul.rathore/.m2/repository/org/slf4j/log4j-over-slf4j/2.0.7/log4j-over-slf4j-2.0.7.jar:/Users/atul.rathore/.m2/repository/org/slf4j/jcl-over-slf4j/2.0.7/jcl-over-slf4j-2.0.7.jar:/Users/atul.rathore/.m2/repository/io/dropwizard/dropwizard-metrics/4.0.1/dropwizard-metrics-4.0.1.jar:/Users/atul.rathore/.m2/repository/io/dropwizard/dropwizard-jersey/4.0.1/dropwizard-jersey-4.0.1.jar:/Users/atul.rathore/.m2/repository/org/glassfish/jersey/core/jersey-server/3.0.10/jersey-server-3.0.10.jar:/Users/atul.rathore/.m2/repository/org/glassfish/jersey/ext/jersey-metainf-services/3.0.10/jersey-metainf-services-3.0.10.jar:/Users/atul.rathore/.m2/repository/org/glassfish/jersey/inject/jersey-hk2/3.0.10/jersey-hk2-3.0.10.jar:/Users/atul.rathore/.m2/repository/org/glassfish/hk2/hk2-locator/3.0.3/hk2-locator-3.0.3.jar:/Users/atul.rathore/.m2/repository/org/javassist/javassist/3.29.2-GA/javassist-3.29.2-GA.jar:/Users/atul.rathore/.m2/repository/io/dropwizard/metrics/metrics-jersey3/4.2.19/metrics-jersey3-4.2.19.jar:/Users/atul.rathore/.m2/repository/com/fasterxml/jackson/jakarta/rs/jackson-jakarta-rs-json-provider/2.15.2/jackson-jakarta-rs-json-provider-2.15.2.jar:/Users/atul.rathore/.m2/repository/com/fasterxml/jackson/jakarta/rs/jackson-jakarta-rs-base/2.15.2/jackson-jakarta-rs-base-2.15.2.jar:/Users/atul.rathore/.m2/repository/com/fasterxml/jackson/module/jackson-module-jakarta-xmlbind-annotations/2.15.2/jackson-module-jakarta-xmlbind-annotations-2.15.2.jar:/Users/atul.rathore/.m2/repository/jakarta/xml/bind/jakarta.xml.bind-api/3.0.1/jakarta.xml.bind-api-3.0.1.jar:/Users/atul.rathore/.m2/repository/com/sun/activation/jakarta.activation/2.0.1/jakarta.activation-2.0.1.jar:/Users/atul.rathore/.m2/repository/jakarta/activation/jakarta.activation-api/2.1.0/jakarta.activation-api-2.1.0.jar:/Users/atul.rathore/.m2/repository/jakarta/annotation/jakarta.annotation-api/2.0.0/jakarta.annotation-api-2.0.0.jar:/Users/atul.rathore/.m2/repository/org/glassfish/hk2/hk2-api/3.0.4/hk2-api-3.0.4.jar:/Users/atul.rathore/.m2/repository/org/glassfish/hk2/hk2-utils/3.0.4/hk2-utils-3.0.4.jar:/Users/atul.rathore/.m2/repository/org/glassfish/hk2/external/aopalliance-repackaged/3.0.4/aopalliance-repackaged-3.0.4.jar:/Users/atul.rathore/.m2/repository/org/glassfish/jersey/containers/jersey-container-servlet/3.0.10/jersey-container-servlet-3.0.10.jar:/Users/atul.rathore/.m2/repository/org/glassfish/jersey/containers/jersey-container-servlet-core/3.0.10/jersey-container-servlet-core-3.0.10.jar:/Users/atul.rathore/.m2/repository/org/glassfish/jersey/core/jersey-client/3.0.10/jersey-client-3.0.10.jar:/Users/atul.rathore/.m2/repository/org/eclipse/jetty/jetty-io/11.0.15/jetty-io-11.0.15.jar:/Users/atul.rathore/.m2/repository/io/dropwizard/dropwizard-servlets/4.0.1/dropwizard-servlets-4.0.1.jar:/Users/atul.rathore/.m2/repository/io/dropwizard/dropwizard-jetty/4.0.1/dropwizard-jetty-4.0.1.jar:/Users/atul.rathore/.m2/repository/org/eclipse/jetty/jetty-servlets/11.0.15/jetty-servlets-11.0.15.jar:/Users/atul.rathore/.m2/repository/org/eclipse/jetty/jetty-http/11.0.15/jetty-http-11.0.15.jar:/Users/atul.rathore/.m2/repository/io/dropwizard/dropwizard-lifecycle/4.0.1/dropwizard-lifecycle-4.0.1.jar:/Users/atul.rathore/.m2/repository/io/dropwizard/dropwizard-health/4.0.1/dropwizard-health-4.0.1.jar:/Users/atul.rathore/.m2/repository/io/dropwizard/metrics/metrics-core/4.2.19/metrics-core-4.2.19.jar:/Users/atul.rathore/.m2/repository/io/dropwizard/metrics/metrics-annotation/4.2.19/metrics-annotation-4.2.19.jar:/Users/atul.rathore/.m2/repository/io/dropwizard/metrics/metrics-jetty11/4.2.19/metrics-jetty11-4.2.19.jar:/Users/atul.rathore/.m2/repository/io/dropwizard/metrics/metrics-jvm/4.2.19/metrics-jvm-4.2.19.jar:/Users/atul.rathore/.m2/repository/io/dropwizard/metrics/metrics-jmx/4.2.19/metrics-jmx-4.2.19.jar:/Users/atul.rathore/.m2/repository/io/dropwizard/metrics/metrics-jakarta-servlets/4.2.19/metrics-jakarta-servlets-4.2.19.jar:/Users/atul.rathore/.m2/repository/io/dropwizard/metrics/metrics-json/4.2.19/metrics-json-4.2.19.jar:/Users/atul.rathore/.m2/repository/com/helger/profiler/1.1.1/profiler-1.1.1.jar:/Users/atul.rathore/.m2/repository/io/dropwizard/metrics/metrics-healthchecks/4.2.19/metrics-healthchecks-4.2.19.jar:/Users/atul.rathore/.m2/repository/io/dropwizard/dropwizard-request-logging/4.0.1/dropwizard-request-logging-4.0.1.jar:/Users/atul.rathore/.m2/repository/ch/qos/logback/logback-access/1.4.8/logback-access-1.4.8.jar:/Users/atul.rathore/.m2/repository/ch/qos/logback/logback-classic/1.4.8/logback-classic-1.4.8.jar:/Users/atul.rathore/.m2/repository/com/fasterxml/jackson/core/jackson-annotations/2.15.2/jackson-annotations-2.15.2.jar:/Users/atul.rathore/.m2/repository/com/fasterxml/jackson/core/jackson-databind/2.15.2/jackson-databind-2.15.2.jar:/Users/atul.rathore/.m2/repository/org/checkerframework/checker-qual/3.35.0/checker-qual-3.35.0.jar:/Users/atul.rathore/.m2/repository/jakarta/servlet/jakarta.servlet-api/5.0.0/jakarta.servlet-api-5.0.0.jar:/Users/atul.rathore/.m2/repository/jakarta/validation/jakarta.validation-api/3.0.2/jakarta.validation-api-3.0.2.jar:/Users/atul.rathore/.m2/repository/jakarta/ws/rs/jakarta.ws.rs-api/3.0.0/jakarta.ws.rs-api-3.0.0.jar:/Users/atul.rathore/.m2/repository/net/sourceforge/argparse4j/argparse4j/0.9.0/argparse4j-0.9.0.jar:/Users/atul.rathore/.m2/repository/org/eclipse/jetty/jetty-security/11.0.15/jetty-security-11.0.15.jar:/Users/atul.rathore/.m2/repository/org/eclipse/jetty/jetty-server/11.0.15/jetty-server-11.0.15.jar:/Users/atul.rathore/.m2/repository/org/eclipse/jetty/jetty-servlet/11.0.15/jetty-servlet-11.0.15.jar:/Users/atul.rathore/.m2/repository/org/eclipse/jetty/jetty-util/11.0.15/jetty-util-11.0.15.jar:/Users/atul.rathore/.m2/repository/org/eclipse/jetty/toolchain/setuid/jetty-setuid-java/1.0.4/jetty-setuid-java-1.0.4.jar:/Users/atul.rathore/.m2/repository/jakarta/inject/jakarta.inject-api/2.0.1.MR/jakarta.inject-api-2.0.1.MR.jar:/Users/atul.rathore/.m2/repository/org/glassfish/jersey/core/jersey-common/3.0.10/jersey-common-3.0.10.jar:/Users/atul.rathore/.m2/repository/org/glassfish/hk2/osgi-resource-locator/1.0.3/osgi-resource-locator-1.0.3.jar:/Users/atul.rathore/.m2/repository/org/glassfish/jersey/ext/jersey-bean-validation/3.0.10/jersey-bean-validation-3.0.10.jar:/Users/atul.rathore/.m2/repository/org/jboss/logging/jboss-logging/3.4.2.Final/jboss-logging-3.4.2.Final.jar:/Users/atul.rathore/.m2/repository/org/hibernate/validator/hibernate-validator/7.0.5.Final/hibernate-validator-7.0.5.Final.jar:/Users/atul.rathore/.m2/repository/org/slf4j/slf4j-api/2.0.7/slf4j-api-2.0.7.jar:/Users/atul.rathore/.m2/repository/com/mysql/mysql-connector-j/8.0.33/mysql-connector-j-8.0.33.jar:/Users/atul.rathore/.m2/repository/com/google/protobuf/protobuf-java/3.21.9/protobuf-java-3.21.9.jar:"/>
    <property name="java.vm.vendor" value="Homebrew"/>
    <property name="sun.arch.data.model" value="64"/>
    <property name="java.vendor.url" value="https://github.com/Homebrew/homebrew-core/issues"/>
    <property name="os.name" value="Mac OS X"/>
    <property name="java.vm.specification.version" value="20"/>
    <property name="sun.java.launcher" value="SUN_STANDARD"/>
    <property name="user.country" value="IN"/>
    <property name="sun.boot.library.path" value="/opt/homebrew/Cellar/openjdk/20.0.2/libexec/openjdk.jdk/Contents/Home/lib"/>
    <property name="sun.java.command" value="/Users/atul.rathore/Desktop/Flipfit/target/surefire/surefirebooter-20230919102314419_3.jar /Users/atul.rathore/Desktop/Flipfit/target/surefire 2023-09-19T10-23-14_380-jvmRun1 surefire-20230919102314419_1tmp surefire_0-20230919102314419_2tmp"/>
    <property name="jdk.debug" value="release"/>
    <property name="surefire.test.class.path" value="/Users/atul.rathore/Desktop/Flipfit/target/test-classes:/Users/atul.rathore/Desktop/Flipfit/target/classes:/Users/atul.rathore/.m2/repository/junit/junit/3.8.1/junit-3.8.1.jar:/Users/atul.rathore/.m2/repository/io/dropwizard/dropwizard-core/4.0.1/dropwizard-core-4.0.1.jar:/Users/atul.rathore/.m2/repository/io/dropwizard/dropwizard-util/4.0.1/dropwizard-util-4.0.1.jar:/Users/atul.rathore/.m2/repository/io/dropwizard/dropwizard-jackson/4.0.1/dropwizard-jackson-4.0.1.jar:/Users/atul.rathore/.m2/repository/com/google/guava/guava/32.0.1-jre/guava-32.0.1-jre.jar:/Users/atul.rathore/.m2/repository/com/google/guava/failureaccess/1.0.1/failureaccess-1.0.1.jar:/Users/atul.rathore/.m2/repository/com/google/guava/listenablefuture/9999.0-empty-to-avoid-conflict-with-guava/listenablefuture-9999.0-empty-to-avoid-conflict-with-guava.jar:/Users/atul.rathore/.m2/repository/com/google/j2objc/j2objc-annotations/2.8/j2objc-annotations-2.8.jar:/Users/atul.rathore/.m2/repository/com/github/ben-manes/caffeine/caffeine/3.1.6/caffeine-3.1.6.jar:/Users/atul.rathore/.m2/repository/com/fasterxml/jackson/core/jackson-core/2.15.2/jackson-core-2.15.2.jar:/Users/atul.rathore/.m2/repository/com/fasterxml/jackson/datatype/jackson-datatype-guava/2.15.2/jackson-datatype-guava-2.15.2.jar:/Users/atul.rathore/.m2/repository/com/fasterxml/jackson/datatype/jackson-datatype-jsr310/2.15.2/jackson-datatype-jsr310-2.15.2.jar:/Users/atul.rathore/.m2/repository/com/fasterxml/jackson/datatype/jackson-datatype-jdk8/2.15.2/jackson-datatype-jdk8-2.15.2.jar:/Users/atul.rathore/.m2/repository/com/fasterxml/jackson/module/jackson-module-parameter-names/2.15.2/jackson-module-parameter-names-2.15.2.jar:/Users/atul.rathore/.m2/repository/com/fasterxml/jackson/module/jackson-module-blackbird/2.15.2/jackson-module-blackbird-2.15.2.jar:/Users/atul.rathore/.m2/repository/io/dropwizard/dropwizard-validation/4.0.1/dropwizard-validation-4.0.1.jar:/Users/atul.rathore/.m2/repository/com/fasterxml/classmate/1.5.1/classmate-1.5.1.jar:/Users/atul.rathore/.m2/repository/org/glassfish/jakarta.el/4.0.2/jakarta.el-4.0.2.jar:/Users/atul.rathore/.m2/repository/jakarta/el/jakarta.el-api/4.0.0/jakarta.el-api-4.0.0.jar:/Users/atul.rathore/.m2/repository/io/dropwizard/dropwizard-configuration/4.0.1/dropwizard-configuration-4.0.1.jar:/Users/atul.rathore/.m2/repository/com/fasterxml/jackson/dataformat/jackson-dataformat-yaml/2.15.2/jackson-dataformat-yaml-2.15.2.jar:/Users/atul.rathore/.m2/repository/org/yaml/snakeyaml/2.0/snakeyaml-2.0.jar:/Users/atul.rathore/.m2/repository/org/apache/commons/commons-text/1.10.0/commons-text-1.10.0.jar:/Users/atul.rathore/.m2/repository/org/apache/commons/commons-lang3/3.12.0/commons-lang3-3.12.0.jar:/Users/atul.rathore/.m2/repository/io/dropwizard/dropwizard-logging/4.0.1/dropwizard-logging-4.0.1.jar:/Users/atul.rathore/.m2/repository/io/dropwizard/metrics/metrics-logback/4.2.19/metrics-logback-4.2.19.jar:/Users/atul.rathore/.m2/repository/org/slf4j/jul-to-slf4j/2.0.7/jul-to-slf4j-2.0.7.jar:/Users/atul.rathore/.m2/repository/ch/qos/logback/logback-core/1.4.8/logback-core-1.4.8.jar:/Users/atul.rathore/.m2/repository/com/google/errorprone/error_prone_annotations/2.20.0/error_prone_annotations-2.20.0.jar:/Users/atul.rathore/.m2/repository/io/dropwizard/logback/logback-throttling-appender/1.4.0/logback-throttling-appender-1.4.0.jar:/Users/atul.rathore/.m2/repository/org/slf4j/log4j-over-slf4j/2.0.7/log4j-over-slf4j-2.0.7.jar:/Users/atul.rathore/.m2/repository/org/slf4j/jcl-over-slf4j/2.0.7/jcl-over-slf4j-2.0.7.jar:/Users/atul.rathore/.m2/repository/io/dropwizard/dropwizard-metrics/4.0.1/dropwizard-metrics-4.0.1.jar:/Users/atul.rathore/.m2/repository/io/dropwizard/dropwizard-jersey/4.0.1/dropwizard-jersey-4.0.1.jar:/Users/atul.rathore/.m2/repository/org/glassfish/jersey/core/jersey-server/3.0.10/jersey-server-3.0.10.jar:/Users/atul.rathore/.m2/repository/org/glassfish/jersey/ext/jersey-metainf-services/3.0.10/jersey-metainf-services-3.0.10.jar:/Users/atul.rathore/.m2/repository/org/glassfish/jersey/inject/jersey-hk2/3.0.10/jersey-hk2-3.0.10.jar:/Users/atul.rathore/.m2/repository/org/glassfish/hk2/hk2-locator/3.0.3/hk2-locator-3.0.3.jar:/Users/atul.rathore/.m2/repository/org/javassist/javassist/3.29.2-GA/javassist-3.29.2-GA.jar:/Users/atul.rathore/.m2/repository/io/dropwizard/metrics/metrics-jersey3/4.2.19/metrics-jersey3-4.2.19.jar:/Users/atul.rathore/.m2/repository/com/fasterxml/jackson/jakarta/rs/jackson-jakarta-rs-json-provider/2.15.2/jackson-jakarta-rs-json-provider-2.15.2.jar:/Users/atul.rathore/.m2/repository/com/fasterxml/jackson/jakarta/rs/jackson-jakarta-rs-base/2.15.2/jackson-jakarta-rs-base-2.15.2.jar:/Users/atul.rathore/.m2/repository/com/fasterxml/jackson/module/jackson-module-jakarta-xmlbind-annotations/2.15.2/jackson-module-jakarta-xmlbind-annotations-2.15.2.jar:/Users/atul.rathore/.m2/repository/jakarta/xml/bind/jakarta.xml.bind-api/3.0.1/jakarta.xml.bind-api-3.0.1.jar:/Users/atul.rathore/.m2/repository/com/sun/activation/jakarta.activation/2.0.1/jakarta.activation-2.0.1.jar:/Users/atul.rathore/.m2/repository/jakarta/activation/jakarta.activation-api/2.1.0/jakarta.activation-api-2.1.0.jar:/Users/atul.rathore/.m2/repository/jakarta/annotation/jakarta.annotation-api/2.0.0/jakarta.annotation-api-2.0.0.jar:/Users/atul.rathore/.m2/repository/org/glassfish/hk2/hk2-api/3.0.4/hk2-api-3.0.4.jar:/Users/atul.rathore/.m2/repository/org/glassfish/hk2/hk2-utils/3.0.4/hk2-utils-3.0.4.jar:/Users/atul.rathore/.m2/repository/org/glassfish/hk2/external/aopalliance-repackaged/3.0.4/aopalliance-repackaged-3.0.4.jar:/Users/atul.rathore/.m2/repository/org/glassfish/jersey/containers/jersey-container-servlet/3.0.10/jersey-container-servlet-3.0.10.jar:/Users/atul.rathore/.m2/repository/org/glassfish/jersey/containers/jersey-container-servlet-core/3.0.10/jersey-container-servlet-core-3.0.10.jar:/Users/atul.rathore/.m2/repository/org/glassfish/jersey/core/jersey-client/3.0.10/jersey-client-3.0.10.jar:/Users/atul.rathore/.m2/repository/org/eclipse/jetty/jetty-io/11.0.15/jetty-io-11.0.15.jar:/Users/atul.rathore/.m2/repository/io/dropwizard/dropwizard-servlets/4.0.1/dropwizard-servlets-4.0.1.jar:/Users/atul.rathore/.m2/repository/io/dropwizard/dropwizard-jetty/4.0.1/dropwizard-jetty-4.0.1.jar:/Users/atul.rathore/.m2/repository/org/eclipse/jetty/jetty-servlets/11.0.15/jetty-servlets-11.0.15.jar:/Users/atul.rathore/.m2/repository/org/eclipse/jetty/jetty-http/11.0.15/jetty-http-11.0.15.jar:/Users/atul.rathore/.m2/repository/io/dropwizard/dropwizard-lifecycle/4.0.1/dropwizard-lifecycle-4.0.1.jar:/Users/atul.rathore/.m2/repository/io/dropwizard/dropwizard-health/4.0.1/dropwizard-health-4.0.1.jar:/Users/atul.rathore/.m2/repository/io/dropwizard/metrics/metrics-core/4.2.19/metrics-core-4.2.19.jar:/Users/atul.rathore/.m2/repository/io/dropwizard/metrics/metrics-annotation/4.2.19/metrics-annotation-4.2.19.jar:/Users/atul.rathore/.m2/repository/io/dropwizard/metrics/metrics-jetty11/4.2.19/metrics-jetty11-4.2.19.jar:/Users/atul.rathore/.m2/repository/io/dropwizard/metrics/metrics-jvm/4.2.19/metrics-jvm-4.2.19.jar:/Users/atul.rathore/.m2/repository/io/dropwizard/metrics/metrics-jmx/4.2.19/metrics-jmx-4.2.19.jar:/Users/atul.rathore/.m2/repository/io/dropwizard/metrics/metrics-jakarta-servlets/4.2.19/metrics-jakarta-servlets-4.2.19.jar:/Users/atul.rathore/.m2/repository/io/dropwizard/metrics/metrics-json/4.2.19/metrics-json-4.2.19.jar:/Users/atul.rathore/.m2/repository/com/helger/profiler/1.1.1/profiler-1.1.1.jar:/Users/atul.rathore/.m2/repository/io/dropwizard/metrics/metrics-healthchecks/4.2.19/metrics-healthchecks-4.2.19.jar:/Users/atul.rathore/.m2/repository/io/dropwizard/dropwizard-request-logging/4.0.1/dropwizard-request-logging-4.0.1.jar:/Users/atul.rathore/.m2/repository/ch/qos/logback/logback-access/1.4.8/logback-access-1.4.8.jar:/Users/atul.rathore/.m2/repository/ch/qos/logback/logback-classic/1.4.8/logback-classic-1.4.8.jar:/Users/atul.rathore/.m2/repository/com/fasterxml/jackson/core/jackson-annotations/2.15.2/jackson-annotations-2.15.2.jar:/Users/atul.rathore/.m2/repository/com/fasterxml/jackson/core/jackson-databind/2.15.2/jackson-databind-2.15.2.jar:/Users/atul.rathore/.m2/repository/org/checkerframework/checker-qual/3.35.0/checker-qual-3.35.0.jar:/Users/atul.rathore/.m2/repository/jakarta/servlet/jakarta.servlet-api/5.0.0/jakarta.servlet-api-5.0.0.jar:/Users/atul.rathore/.m2/repository/jakarta/validation/jakarta.validation-api/3.0.2/jakarta.validation-api-3.0.2.jar:/Users/atul.rathore/.m2/repository/jakarta/ws/rs/jakarta.ws.rs-api/3.0.0/jakarta.ws.rs-api-3.0.0.jar:/Users/atul.rathore/.m2/repository/net/sourceforge/argparse4j/argparse4j/0.9.0/argparse4j-0.9.0.jar:/Users/atul.rathore/.m2/repository/org/eclipse/jetty/jetty-security/11.0.15/jetty-security-11.0.15.jar:/Users/atul.rathore/.m2/repository/org/eclipse/jetty/jetty-server/11.0.15/jetty-server-11.0.15.jar:/Users/atul.rathore/.m2/repository/org/eclipse/jetty/jetty-servlet/11.0.15/jetty-servlet-11.0.15.jar:/Users/atul.rathore/.m2/repository/org/eclipse/jetty/jetty-util/11.0.15/jetty-util-11.0.15.jar:/Users/atul.rathore/.m2/repository/org/eclipse/jetty/toolchain/setuid/jetty-setuid-java/1.0.4/jetty-setuid-java-1.0.4.jar:/Users/atul.rathore/.m2/repository/jakarta/inject/jakarta.inject-api/2.0.1.MR/jakarta.inject-api-2.0.1.MR.jar:/Users/atul.rathore/.m2/repository/org/glassfish/jersey/core/jersey-common/3.0.10/jersey-common-3.0.10.jar:/Users/atul.rathore/.m2/repository/org/glassfish/hk2/osgi-resource-locator/1.0.3/osgi-resource-locator-1.0.3.jar:/Users/atul.rathore/.m2/repository/org/glassfish/jersey/ext/jersey-bean-validation/3.0.10/jersey-bean-validation-3.0.10.jar:/Users/atul.rathore/.m2/repository/org/jboss/logging/jboss-logging/3.4.2.Final/jboss-logging-3.4.2.Final.jar:/Users/atul.rathore/.m2/repository/org/hibernate/validator/hibernate-validator/7.0.5.Final/hibernate-validator-7.0.5.Final.jar:/Users/atul.rathore/.m2/repository/org/slf4j/slf4j-api/2.0.7/slf4j-api-2.0.7.jar:/Users/atul.rathore/.m2/repository/com/mysql/mysql-connector-j/8.0.33/mysql-connector-j-8.0.33.jar:/Users/atul.rathore/.m2/repository/com/google/protobuf/protobuf-java/3.21.9/protobuf-java-3.21.9.jar:"/>
    <property name="sun.cpu.endian" value="little"/>
    <property name="user.home" value="/Users/atul.rathore"/>
    <property name="user.language" value="en"/>
    <property name="java.specification.vendor" value="Oracle Corporation"/>
    <property name="java.version.date" value="2023-07-18"/>
    <property name="java.home" value="/opt/homebrew/Cellar/openjdk/20.0.2/libexec/openjdk.jdk/Contents/Home"/>
    <property name="file.separator" value="/"/>
    <property name="basedir" value="/Users/atul.rathore/Desktop/Flipfit"/>
    <property name="java.vm.compressedOopsMode" value="Zero based"/>
    <property name="line.separator" value="&#10;"/>
    <property name="java.specification.name" value="Java Platform API Specification"/>
    <property name="java.vm.specification.vendor" value="Oracle Corporation"/>
    <property name="apple.awt.application.name" value="ForkedBooter"/>
    <property name="surefire.real.class.path" value="/Users/atul.rathore/Desktop/Flipfit/target/surefire/surefirebooter-20230919102314419_3.jar"/>
    <property name="sun.management.compiler" value="HotSpot 64-Bit Tiered Compilers"/>
    <property name="java.runtime.version" value="20.0.2"/>
    <property name="user.name" value="atul.rathore"/>
    <property name="stdout.encoding" value="UTF-8"/>
    <property name="path.separator" value=":"/>
    <property name="os.version" value="13.5.1"/>
    <property name="java.runtime.name" value="OpenJDK Runtime Environment"/>
    <property name="file.encoding" value="UTF-8"/>
    <property name="java.vm.name" value="OpenJDK 64-Bit Server VM"/>
    <property name="java.vendor.version" value="Homebrew"/>
    <property name="localRepository" value="/Users/atul.rathore/.m2/repository"/>
    <property name="java.vendor.url.bug" value="https://github.com/Homebrew/homebrew-core/issues"/>
    <property name="java.io.tmpdir" value="/var/folders/qt/4dstf2ks6dj7cjjhm4g9vn38z8jq79/T/"/>
    <property name="java.version" value="20.0.2"/>
    <property name="user.dir" value="/Users/atul.rathore/Desktop/Flipfit"/>
    <property name="os.arch" value="aarch64"/>
    <property name="java.vm.specification.name" value="Java Virtual Machine Specification"/>
    <property name="native.encoding" value="UTF-8"/>
    <property name="java.library.path" value="/Users/atul.rathore/Library/Java/Extensions:/Library/Java/Extensions:/Network/Library/Java/Extensions:/System/Library/Java/Extensions:/usr/lib/java:."/>
    <property name="java.vm.info" value="mixed mode, sharing"/>
    <property name="stderr.encoding" value="UTF-8"/>
    <property name="java.vendor" value="Homebrew"/>
    <property name="java.vm.version" value="20.0.2"/>
    <property name="sun.io.unicode.encoding" value="UnicodeBig"/>
    <property name="java.class.version" value="64.0"/>
  </properties>
  <testcase name="testApp" classname="com.flipkart.app.AppTest" time="0.005"/>
</testsuite>